[2022-02-28 16:50:06,909] {taskinstance.py:670} INFO - Dependencies all met for <TaskInstance: example_python_operator.print_the_context 2022-02-28T19:49:33.200690+00:00 [queued]>
[2022-02-28 16:50:06,925] {taskinstance.py:670} INFO - Dependencies all met for <TaskInstance: example_python_operator.print_the_context 2022-02-28T19:49:33.200690+00:00 [queued]>
[2022-02-28 16:50:06,925] {taskinstance.py:880} INFO - 
--------------------------------------------------------------------------------
[2022-02-28 16:50:06,925] {taskinstance.py:881} INFO - Starting attempt 1 of 1
[2022-02-28 16:50:06,925] {taskinstance.py:882} INFO - 
--------------------------------------------------------------------------------
[2022-02-28 16:50:06,937] {taskinstance.py:901} INFO - Executing <Task(PythonOperator): print_the_context> on 2022-02-28T19:49:33.200690+00:00
[2022-02-28 16:50:06,940] {standard_task_runner.py:54} INFO - Started process 46205 to run task
[2022-02-28 16:50:07,008] {standard_task_runner.py:77} INFO - Running: ['airflow', 'run', 'example_python_operator', 'print_the_context', '2022-02-28T19:49:33.200690+00:00', '--job_id', '2', '--pool', 'default_pool', '--raw', '-sd', '/home/laender/Documentos/Github/apache-airflow/data-pipeline/.env/lib/python3.8/site-packages/airflow/example_dags/example_python_operator.py', '--cfg_path', '/tmp/tmpua50512t']
[2022-02-28 16:50:07,009] {standard_task_runner.py:78} INFO - Job 2: Subtask print_the_context
[2022-02-28 16:50:07,036] {logging_mixin.py:112} INFO - Running <TaskInstance: example_python_operator.print_the_context 2022-02-28T19:49:33.200690+00:00 [running]> on host laender-Inspiron-5547
[2022-02-28 16:50:07,060] {logging_mixin.py:112} INFO - {'END_DATE': '2022-02-28',
 'conf': <airflow.configuration.AirflowConfigParser object at 0x7f98d218b520>,
 'dag': <DAG: example_python_operator>,
 'dag_run': <DagRun example_python_operator @ 2022-02-28 19:49:33.200690+00:00: manual__2022-02-28T19:49:33.200690+00:00, externally triggered: True>,
 'ds_nodash': '20220228',
 'end_date': '2022-02-28',
 'execution_date': <Pendulum [2022-02-28T19:49:33.200690+00:00]>,
 'inlets': [],
 'latest_date': '2022-02-28',
 'macros': <module 'airflow.macros' from '/home/laender/Documentos/Github/apache-airflow/data-pipeline/.env/lib/python3.8/site-packages/airflow/macros/__init__.py'>,
 'next_ds': '2022-02-28',
 'next_ds_nodash': '20220228',
 'next_execution_date': <Pendulum [2022-02-28T19:49:33.200690+00:00]>,
 'outlets': [],
 'params': {},
 'prev_ds': '2022-02-28',
 'prev_ds_nodash': '20220228',
 'prev_execution_date': <Pendulum [2022-02-28T19:49:33.200690+00:00]>,
 'prev_execution_date_success': <Proxy at 0x7f98c2fe4440 with factory <function TaskInstance.get_template_context.<locals>.<lambda> at 0x7f98c3147af0>>,
 'prev_start_date_success': <Proxy at 0x7f98c2fe4e00 with factory <function TaskInstance.get_template_context.<locals>.<lambda> at 0x7f98c2fee1f0>>,
 'run_id': 'manual__2022-02-28T19:49:33.200690+00:00',
 'tables': None,
 'task': <Task(PythonOperator): print_the_context>,
 'task_instance': <TaskInstance: example_python_operator.print_the_context 2022-02-28T19:49:33.200690+00:00 [running]>,
 'task_instance_key_str': 'example_python_operator__print_the_context__20220228',
 'templates_dict': None,
 'test_mode': False,
 'ti': <TaskInstance: example_python_operator.print_the_context 2022-02-28T19:49:33.200690+00:00 [running]>,
 'tomorrow_ds': '2022-03-01',
 'tomorrow_ds_nodash': '20220301',
 'ts': '2022-02-28T19:49:33.200690+00:00',
 'ts_nodash': '20220228T194933',
 'ts_nodash_with_tz': '20220228T194933.200690+0000',
 'var': {'json': None, 'value': None},
 'yesterday_ds': '2022-02-27',
 'yesterday_ds_nodash': '20220227'}
[2022-02-28 16:50:07,060] {logging_mixin.py:112} INFO - 2022-02-28
[2022-02-28 16:50:07,060] {python_operator.py:114} INFO - Done. Returned value was: Whatever you return gets printed in the logs
[2022-02-28 16:50:07,073] {taskinstance.py:1057} INFO - Marking task as SUCCESS.dag_id=example_python_operator, task_id=print_the_context, execution_date=20220228T194933, start_date=20220228T195006, end_date=20220228T195007
[2022-02-28 16:50:11,899] {local_task_job.py:102} INFO - Task exited with return code 0
